Start testing: Aug 01 12:06 JST
----------------------------------------------------------
1/6 Testing: copyright
1/6 Test: copyright
Command: "/usr/bin/python3.10" "-u" "/opt/ros/humble/share/ament_cmake_test/cmake/run_test.py" "/home/muhuaguan/ros2_ws/build/examples_rclcpp_minimal_service/test_results/examples_rclcpp_minimal_service/copyright.xunit.xml" "--package-name" "examples_rclcpp_minimal_service" "--output-file" "/home/muhuaguan/ros2_ws/build/examples_rclcpp_minimal_service/ament_copyright/copyright.txt" "--command" "/opt/ros/humble/bin/ament_copyright" "--xunit-file" "/home/muhuaguan/ros2_ws/build/examples_rclcpp_minimal_service/test_results/examples_rclcpp_minimal_service/copyright.xunit.xml"
Directory: /home/muhuaguan/ros2_ws/src/examples/rclcpp/services/minimal_service
"copyright" start time: Aug 01 12:06 JST
Output:
----------------------------------------------------------
-- run_test.py: invoking following command in '/home/muhuaguan/ros2_ws/src/examples/rclcpp/services/minimal_service':
 - /opt/ros/humble/bin/ament_copyright --xunit-file /home/muhuaguan/ros2_ws/build/examples_rclcpp_minimal_service/test_results/examples_rclcpp_minimal_service/copyright.xunit.xml
No problems found, checked 1 files
-- run_test.py: return code 0
-- run_test.py: verify result file '/home/muhuaguan/ros2_ws/build/examples_rclcpp_minimal_service/test_results/examples_rclcpp_minimal_service/copyright.xunit.xml'
<end of output>
Test time =   0.57 sec
----------------------------------------------------------
Test Passed.
"copyright" end time: Aug 01 12:06 JST
"copyright" time elapsed: 00:00:00
----------------------------------------------------------

2/6 Testing: cppcheck
2/6 Test: cppcheck
Command: "/usr/bin/python3.10" "-u" "/opt/ros/humble/share/ament_cmake_test/cmake/run_test.py" "/home/muhuaguan/ros2_ws/build/examples_rclcpp_minimal_service/test_results/examples_rclcpp_minimal_service/cppcheck.xunit.xml" "--package-name" "examples_rclcpp_minimal_service" "--output-file" "/home/muhuaguan/ros2_ws/build/examples_rclcpp_minimal_service/ament_cppcheck/cppcheck.txt" "--command" "/opt/ros/humble/bin/ament_cppcheck" "--xunit-file" "/home/muhuaguan/ros2_ws/build/examples_rclcpp_minimal_service/test_results/examples_rclcpp_minimal_service/cppcheck.xunit.xml"
Directory: /home/muhuaguan/ros2_ws/src/examples/rclcpp/services/minimal_service
"cppcheck" start time: Aug 01 12:06 JST
Output:
----------------------------------------------------------
-- run_test.py: invoking following command in '/home/muhuaguan/ros2_ws/src/examples/rclcpp/services/minimal_service':
 - /opt/ros/humble/bin/ament_cppcheck --xunit-file /home/muhuaguan/ros2_ws/build/examples_rclcpp_minimal_service/test_results/examples_rclcpp_minimal_service/cppcheck.xunit.xml
cppcheck 2.7 has known performance issues and therefore will not be used, set the AMENT_CPPCHECK_ALLOW_SLOW_VERSIONS environment variable to override this.
-- run_test.py: return code 0
-- run_test.py: verify result file '/home/muhuaguan/ros2_ws/build/examples_rclcpp_minimal_service/test_results/examples_rclcpp_minimal_service/cppcheck.xunit.xml'
<end of output>
Test time =   0.45 sec
----------------------------------------------------------
Test Passed.
"cppcheck" end time: Aug 01 12:06 JST
"cppcheck" time elapsed: 00:00:00
----------------------------------------------------------

3/6 Testing: cpplint
3/6 Test: cpplint
Command: "/usr/bin/python3.10" "-u" "/opt/ros/humble/share/ament_cmake_test/cmake/run_test.py" "/home/muhuaguan/ros2_ws/build/examples_rclcpp_minimal_service/test_results/examples_rclcpp_minimal_service/cpplint.xunit.xml" "--package-name" "examples_rclcpp_minimal_service" "--output-file" "/home/muhuaguan/ros2_ws/build/examples_rclcpp_minimal_service/ament_cpplint/cpplint.txt" "--command" "/opt/ros/humble/bin/ament_cpplint" "--xunit-file" "/home/muhuaguan/ros2_ws/build/examples_rclcpp_minimal_service/test_results/examples_rclcpp_minimal_service/cpplint.xunit.xml"
Directory: /home/muhuaguan/ros2_ws/src/examples/rclcpp/services/minimal_service
"cpplint" start time: Aug 01 12:06 JST
Output:
----------------------------------------------------------
-- run_test.py: invoking following command in '/home/muhuaguan/ros2_ws/src/examples/rclcpp/services/minimal_service':
 - /opt/ros/humble/bin/ament_cpplint --xunit-file /home/muhuaguan/ros2_ws/build/examples_rclcpp_minimal_service/test_results/examples_rclcpp_minimal_service/cpplint.xunit.xml
Using '--root=..' argument

Done processing /home/muhuaguan/ros2_ws/src/examples/rclcpp/services/minimal_service/main.cpp

No problems found
-- run_test.py: return code 0
-- run_test.py: verify result file '/home/muhuaguan/ros2_ws/build/examples_rclcpp_minimal_service/test_results/examples_rclcpp_minimal_service/cpplint.xunit.xml'
<end of output>
Test time =   0.30 sec
----------------------------------------------------------
Test Passed.
"cpplint" end time: Aug 01 12:06 JST
"cpplint" time elapsed: 00:00:00
----------------------------------------------------------

4/6 Testing: lint_cmake
4/6 Test: lint_cmake
Command: "/usr/bin/python3.10" "-u" "/opt/ros/humble/share/ament_cmake_test/cmake/run_test.py" "/home/muhuaguan/ros2_ws/build/examples_rclcpp_minimal_service/test_results/examples_rclcpp_minimal_service/lint_cmake.xunit.xml" "--package-name" "examples_rclcpp_minimal_service" "--output-file" "/home/muhuaguan/ros2_ws/build/examples_rclcpp_minimal_service/ament_lint_cmake/lint_cmake.txt" "--command" "/opt/ros/humble/bin/ament_lint_cmake" "--xunit-file" "/home/muhuaguan/ros2_ws/build/examples_rclcpp_minimal_service/test_results/examples_rclcpp_minimal_service/lint_cmake.xunit.xml"
Directory: /home/muhuaguan/ros2_ws/src/examples/rclcpp/services/minimal_service
"lint_cmake" start time: Aug 01 12:06 JST
Output:
----------------------------------------------------------
-- run_test.py: invoking following command in '/home/muhuaguan/ros2_ws/src/examples/rclcpp/services/minimal_service':
 - /opt/ros/humble/bin/ament_lint_cmake --xunit-file /home/muhuaguan/ros2_ws/build/examples_rclcpp_minimal_service/test_results/examples_rclcpp_minimal_service/lint_cmake.xunit.xml

No problems found
-- run_test.py: return code 0
-- run_test.py: verify result file '/home/muhuaguan/ros2_ws/build/examples_rclcpp_minimal_service/test_results/examples_rclcpp_minimal_service/lint_cmake.xunit.xml'
<end of output>
Test time =   0.29 sec
----------------------------------------------------------
Test Passed.
"lint_cmake" end time: Aug 01 12:06 JST
"lint_cmake" time elapsed: 00:00:00
----------------------------------------------------------

5/6 Testing: uncrustify
5/6 Test: uncrustify
Command: "/usr/bin/python3.10" "-u" "/opt/ros/humble/share/ament_cmake_test/cmake/run_test.py" "/home/muhuaguan/ros2_ws/build/examples_rclcpp_minimal_service/test_results/examples_rclcpp_minimal_service/uncrustify.xunit.xml" "--package-name" "examples_rclcpp_minimal_service" "--output-file" "/home/muhuaguan/ros2_ws/build/examples_rclcpp_minimal_service/ament_uncrustify/uncrustify.txt" "--command" "/opt/ros/humble/bin/ament_uncrustify" "--xunit-file" "/home/muhuaguan/ros2_ws/build/examples_rclcpp_minimal_service/test_results/examples_rclcpp_minimal_service/uncrustify.xunit.xml"
Directory: /home/muhuaguan/ros2_ws/src/examples/rclcpp/services/minimal_service
"uncrustify" start time: Aug 01 12:06 JST
Output:
----------------------------------------------------------
-- run_test.py: invoking following command in '/home/muhuaguan/ros2_ws/src/examples/rclcpp/services/minimal_service':
 - /opt/ros/humble/bin/ament_uncrustify --xunit-file /home/muhuaguan/ros2_ws/build/examples_rclcpp_minimal_service/test_results/examples_rclcpp_minimal_service/uncrustify.xunit.xml
No code style divergence in file 'main.cpp'

No problems found
-- run_test.py: return code 0
-- run_test.py: verify result file '/home/muhuaguan/ros2_ws/build/examples_rclcpp_minimal_service/test_results/examples_rclcpp_minimal_service/uncrustify.xunit.xml'
<end of output>
Test time =   0.31 sec
----------------------------------------------------------
Test Passed.
"uncrustify" end time: Aug 01 12:06 JST
"uncrustify" time elapsed: 00:00:00
----------------------------------------------------------

6/6 Testing: xmllint
6/6 Test: xmllint
Command: "/usr/bin/python3.10" "-u" "/opt/ros/humble/share/ament_cmake_test/cmake/run_test.py" "/home/muhuaguan/ros2_ws/build/examples_rclcpp_minimal_service/test_results/examples_rclcpp_minimal_service/xmllint.xunit.xml" "--package-name" "examples_rclcpp_minimal_service" "--output-file" "/home/muhuaguan/ros2_ws/build/examples_rclcpp_minimal_service/ament_xmllint/xmllint.txt" "--command" "/opt/ros/humble/bin/ament_xmllint" "--xunit-file" "/home/muhuaguan/ros2_ws/build/examples_rclcpp_minimal_service/test_results/examples_rclcpp_minimal_service/xmllint.xunit.xml"
Directory: /home/muhuaguan/ros2_ws/src/examples/rclcpp/services/minimal_service
"xmllint" start time: Aug 01 12:06 JST
Output:
----------------------------------------------------------
-- run_test.py: invoking following command in '/home/muhuaguan/ros2_ws/src/examples/rclcpp/services/minimal_service':
 - /opt/ros/humble/bin/ament_xmllint --xunit-file /home/muhuaguan/ros2_ws/build/examples_rclcpp_minimal_service/test_results/examples_rclcpp_minimal_service/xmllint.xunit.xml
File 'package.xml' is valid

No problems found
-- run_test.py: return code 0
-- run_test.py: verify result file '/home/muhuaguan/ros2_ws/build/examples_rclcpp_minimal_service/test_results/examples_rclcpp_minimal_service/xmllint.xunit.xml'
<end of output>
Test time =   0.54 sec
----------------------------------------------------------
Test Passed.
"xmllint" end time: Aug 01 12:06 JST
"xmllint" time elapsed: 00:00:00
----------------------------------------------------------

End testing: Aug 01 12:06 JST

copyright =   0.57 sec*proc

cppcheck =   0.45 sec*proc

cpplint =   0.30 sec*proc

lint_cmake =   0.29 sec*proc

linter =   2.47 sec*proc

uncrustify =   0.31 sec*proc

xmllint =   0.54 sec*proc

